<?xml version="1.0" encoding="UTF-8"?>
<testng-results ignored="0" total="1" passed="1" failed="0" skipped="0">
  <reporter-output>
    <line>
      <![CDATA[Click from top Menu: clicked Log in]]>
    </line>
    <line>
      <![CDATA[Log in: entered login credentials]]>
    </line>
    <line>
      <![CDATA[Verify successful login: Login successful!]]>
    </line>
    <line>
      <![CDATA[Click from top Menu: clicked Log out]]>
    </line>
    <line>
      <![CDATA[Verify successful log out: Login successful!]]>
    </line>
  </reporter-output>
  <suite started-at="2023-10-17T16:28:48 PST" name="Suite" finished-at="2023-10-17T16:29:06 PST" duration-ms="17463">
    <groups>
    </groups>
    <test started-at="2023-10-17T16:28:48 PST" name="Test" finished-at="2023-10-17T16:29:06 PST" duration-ms="17463">
      <class name="tests.sampleWeb">
        <test-method is-config="true" signature="setup(java.lang.String,java.lang.String,java.lang.String,java.lang.String,java.lang.String,java.lang.String,java.lang.String)[pri:0, instance:tests.sampleWeb@16ce702d]" started-at="2023-10-17T16:28:48 PST" name="setup" finished-at="2023-10-17T16:29:01 PST" duration-ms="12283" status="PASS">
          <params>
            <param index="0">
              <value>
                <![CDATA[com.android.calculator2]]>
              </value>
            </param>
            <param index="1">
              <value>
                <![CDATA[Android]]>
              </value>
            </param>
            <param index="2">
              <value>
                <![CDATA[14.0]]>
              </value>
            </param>
            <param index="3">
              <value>
                <![CDATA[emulator-5554]]>
              </value>
            </param>
            <param index="4">
              <value>
                <![CDATA[Chrome]]>
              </value>
            </param>
            <param index="5">
              <value>
                <![CDATA[true]]>
              </value>
            </param>
            <param index="6">
              <value>
                <![CDATA[https://demowebshop.tricentis.com/]]>
              </value>
            </param>
          </params>
          <reporter-output>
          </reporter-output>
        </test-method> <!-- setup -->
        <test-method signature="testWeb()[pri:0, instance:tests.sampleWeb@16ce702d]" started-at="2023-10-17T16:29:01 PST" name="testWeb" finished-at="2023-10-17T16:29:05 PST" duration-ms="4758" status="PASS">
          <reporter-output>
            <line>
              <![CDATA[Click from top Menu: clicked Log in]]>
            </line>
            <line>
              <![CDATA[Log in: entered login credentials]]>
            </line>
            <line>
              <![CDATA[Verify successful login: Login successful!]]>
            </line>
            <line>
              <![CDATA[Click from top Menu: clicked Log out]]>
            </line>
            <line>
              <![CDATA[Verify successful log out: Login successful!]]>
            </line>
          </reporter-output>
        </test-method> <!-- testWeb -->
        <test-method is-config="true" signature="teardown()[pri:0, instance:tests.sampleWeb@16ce702d]" started-at="2023-10-17T16:29:05 PST" name="teardown" finished-at="2023-10-17T16:29:06 PST" duration-ms="399" status="PASS">
          <reporter-output>
          </reporter-output>
        </test-method> <!-- teardown -->
      </class> <!-- tests.sampleWeb -->
    </test> <!-- Test -->
  </suite> <!-- Suite -->
</testng-results>
